[2026-07-17T17:01:17.272] error: *** JOB 5853608 ON uc2n799 CANCELLED AT 2026-07-17T17:01:17 DUE to SIGNAL Terminated ***
forrtl: error (78): process killed (SIGTERM)
In coarray image 139
Image              PC                Routine            Line        Source             
libc.so.6          00001549AF63EBF0  Unknown               Unknown  Unknown
FFB                0000000000422144  Unknown               Unknown  Unknown
FFB                000000000041C8E7  Unknown               Unknown  Unknown
FFB                000000000041BEFB  Unknown               Unknown  Unknown
FFB                0000000000406DED  Unknown               Unknown  Unknown
libc.so.6          00001549AF6295D0  Unknown               Unknown  Unknown
libc.so.6          00001549AF629680  __libc_start_main     Unknown  Unknown
FFB                0000000000406D05  Unknown               Unknown  Unknown

forrtl: error (78): process killed (SIGTERM)
In coarray image 185
Image              PC                Routine            Line        Source             
libc.so.6          0000145E37C3EBF0  Unknown               Unknown  Unknown
FFB                000000000042213E  Unknown               Unknown  Unknown
FFB                000000000041C8E7  Unknown               Unknown  Unknown
FFB                000000000041BEFB  Unknown               Unknown  Unknown
FFB                0000000000406DED  Unknown               Unknown  Unknown
libc.so.6          0000145E37C295D0  Unknown               Unknown  Unknown
libc.so.6          0000145E37C29680  __libc_start_main     Unknown  Unknown
FFB                0000000000406D05  Unknown               Unknown  Unknown

forrtl: error (78): process killed (SIGTERM)
In coarray image 458
Image              PC                Routine            Line        Source             
libc.so.6          000014C79063EBF0  Unknown               Unknown  Unknown
FFB                00000000004226EB  Unknown               Unknown  Unknown
FFB                000000000041C8E7  Unknown               Unknown  Unknown
FFB                000000000041BEFB  Unknown               Unknown  Unknown
FFB                0000000000406DED  Unknown               Unknown  Unknown
libc.so.6          000014C7906295D0  Unknown               Unknown  Unknown
libc.so.6          000014C790629680  __libc_start_main     Unknown  Unknown
FFB                0000000000406D05  Unknown               Unknown  Unknown

forrtl: error (78): process killed (SIGTERM)
In coarray image 137
Image              PC                Routine            Line        Source             
libc.so.6          000014C3C283EBF0  Unknown               Unknown  Unknown
FFB                00000000004225C9  Unknown               Unknown  Unknown
FFB                000000000041C8E7  Unknown               Unknown  Unknown
FFB                000000000041BEFB  Unknown               Unknown  Unknown
FFB                0000000000406DED  Unknown               Unknown  Unknown
libc.so.6          000014C3C28295D0  Unknown               Unknown  Unknown
libc.so.6          000014C3C2829680  __libc_start_main     Unknown  Unknown
FFB                0000000000406D05  Unknown               Unknown  Unknown

forrtl: error (78): process killed (SIGTERM)
In coarray image 484
Image              PC                Routine            Line        Source             
libc.so.6          0000150E06E3EBF0  Unknown               Unknown  Unknown
FFB                0000000000422207  Unknown               Unknown  Unknown
FFB                000000000041C8E7  Unknown               Unknown  Unknown
FFB                000000000041BEFB  Unknown               Unknown  Unknown
FFB                0000000000406DED  Unknown               Unknown  Unknown
libc.so.6          0000150E06E295D0  Unknown               Unknown  Unknown
libc.so.6          0000150E06E29680  __libc_start_main     Unknown  Unknown
FFB                0000000000406D05  Unknown               Unknown  Unknown

forrtl: error (78): process killed (SIGTERM)
In coarray image 459
Image              PC                Routine            Line        Source             
libc.so.6          0000154D5803EBF0  Unknown               Unknown  Unknown
FFB                000000000042219A  Unknown               Unknown  Unknown
FFB                000000000041C8E7  Unknown               Unknown  Unknown
FFB                000000000041BEFB  Unknown               Unknown  Unknown
FFB                0000000000406DED  Unknown               Unknown  Unknown
libc.so.6          0000154D580295D0  Unknown               Unknown  Unknown
libc.so.6          0000154D58029680  __libc_start_main     Unknown  Unknown
FFB                0000000000406D05  Unknown               Unknown  Unknown

forrtl: error (78): process killed (SIGTERM)
In coarray image 483
Image              PC                Routine            Line        Source             
libc.so.6          0000150C0F23EBF0  Unknown               Unknown  Unknown
FFB                0000000000422522  Unknown               Unknown  Unknown
FFB                000000000041C8E7  Unknown               Unknown  Unknown
FFB                000000000041BEFB  Unknown               Unknown  Unknown
FFB                0000000000406DED  Unknown               Unknown  Unknown
libc.so.6          0000150C0F2295D0  Unknown               Unknown  Unknown
libc.so.6          0000150C0F229680  __libc_start_main     Unknown  Unknown
FFB                0000000000406D05  Unknown               Unknown  Unknown

forrtl: error (78): process killed (SIGTERM)
In coarray image 184
Image              PC                Routine            Line        Source             
libc.so.6          000014EA4F83EBF0  Unknown               Unknown  Unknown
FFB                00000000004221B2  Unknown               Unknown  Unknown
FFB                000000000041C8E7  Unknown               Unknown  Unknown
FFB                000000000041BEFB  Unknown               Unknown  Unknown
FFB                0000000000406DED  Unknown               Unknown  Unknown
libc.so.6          000014EA4F8295D0  Unknown               Unknown  Unknown
libc.so.6          000014EA4F829680  __libc_start_main     Unknown  Unknown
FFB                0000000000406D05  Unknown               Unknown  Unknown

forrtl: error (78): process killed (SIGTERM)
In coarray image 138
Image              PC                Routine            Line        Source             
libc.so.6          000014AD54A3EBF0  Unknown               Unknown  Unknown
FFB                000000000042269E  Unknown               Unknown  Unknown
FFB                000000000041C8E7  Unknown               Unknown  Unknown
FFB                000000000041BEFB  Unknown               Unknown  Unknown
FFB                0000000000406DED  Unknown               Unknown  Unknown
libc.so.6          000014AD54A295D0  Unknown               Unknown  Unknown
libc.so.6          000014AD54A29680  __libc_start_main     Unknown  Unknown
FFB                0000000000406D05  Unknown               Unknown  Unknown

[2026-07-17T17:01:17.296] error: *** STEP 5853608.0 ON uc2n799 CANCELLED AT 2026-07-17T17:01:17 DUE to SIGNAL Terminated ***
forrtl: error (78): process killed (SIGTERM)
In coarray image 464
Image              PC                Routine            Line        Source             
libc.so.6          0000146E7083EBF0  Unknown               Unknown  Unknown
FFB                0000000000422556  Unknown               Unknown  Unknown
FFB                000000000041C8E7  Unknown               Unknown  Unknown
FFB                000000000041BEFB  Unknown               Unknown  Unknown
FFB                0000000000406DED  Unknown               Unknown  Unknown
libc.so.6          0000146E708295D0  Unknown               Unknown  Unknown
libc.so.6          0000146E70829680  __libc_start_main     Unknown  Unknown
FFB                0000000000406D05  Unknown               Unknown  Unknown

forrtl: error (78): process killed (SIGTERM)
In coarray image 450
Image              PC                Routine            Line        Source             
libc.so.6          000014C43843EBF0  Unknown               Unknown  Unknown
FFB                00000000004224A9  Unknown               Unknown  Unknown
FFB                000000000041C8E7  Unknown               Unknown  Unknown
FFB                000000000041BEFB  Unknown               Unknown  Unknown
FFB                0000000000406DED  Unknown               Unknown  Unknown
libc.so.6          000014C4384295D0  Unknown               Unknown  Unknown
libc.so.6          000014C438429680  __libc_start_main     Unknown  Unknown
FFB                0000000000406D05  Unknown               Unknown  Unknown

forrtl: error (78): process killed (SIGTERM)
In coarray image 271
Image              PC                Routine            Line        Source             
libc.so.6          0000147819C3EBF0  Unknown               Unknown  Unknown
FFB                00000000004226EB  Unknown               Unknown  Unknown
FFB                000000000041C8E7  Unknown               Unknown  Unknown
FFB                000000000041BEFB  Unknown               Unknown  Unknown
FFB                0000000000406DED  Unknown               Unknown  Unknown
libc.so.6          0000147819C295D0  Unknown               Unknown  Unknown
libc.so.6          0000147819C29680  __libc_start_main     Unknown  Unknown
FFB                0000000000406D05  Unknown               Unknown  Unknown

forrtl: error (78): process killed (SIGTERM)
In coarray image 399
Image              PC                Routine            Line        Source             
libc.so.6          000014720A63EBF0  Unknown               Unknown  Unknown
FFB                000000000042213E  Unknown               Unknown  Unknown
FFB                000000000041C8E7  Unknown               Unknown  Unknown
FFB                000000000041BEFB  Unknown               Unknown  Unknown
FFB                0000000000406DED  Unknown               Unknown  Unknown
libc.so.6          000014720A6295D0  Unknown               Unknown  Unknown
libc.so.6          000014720A629680  __libc_start_main     Unknown  Unknown
FFB                0000000000406D05  Unknown               Unknown  Unknown

forrtl: error (78): process killed (SIGTERM)
In coarray image 401
Image              PC                Routine            Line        Source             
libc.so.6          000014C5C403EBF0  Unknown               Unknown  Unknown
FFB                000000000042216B  Unknown               Unknown  Unknown
FFB                000000000041C8E7  Unknown               Unknown  Unknown
FFB                000000000041BEFB  Unknown               Unknown  Unknown
FFB                0000000000406DED  Unknown               Unknown  Unknown
libc.so.6          000014C5C40295D0  Unknown               Unknown  Unknown
libc.so.6          000014C5C4029680  __libc_start_main     Unknown  Unknown
FFB                0000000000406D05  Unknown               Unknown  Unknown

forrtl: error (78): process killed (SIGTERM)
In coarray image 388
Image              PC                Routine            Line        Source             
libc.so.6          0000146D30C3EBF0  Unknown               Unknown  Unknown
FFB                00000000004220F5  Unknown               Unknown  Unknown
FFB                000000000041C8E7  Unknown               Unknown  Unknown
FFB                000000000041BEFB  Unknown               Unknown  Unknown
FFB                0000000000406DED  Unknown               Unknown  Unknown
libc.so.6          0000146D30C295D0  Unknown               Unknown  Unknown
libc.so.6          0000146D30C29680  __libc_start_main     Unknown  Unknown
FFB                0000000000406D05  Unknown               Unknown  Unknown

forrtl: error (78): process killed (SIGTERM)
In coarray image 485
Image              PC                Routine            Line        Source             
libc.so.6          000014FB37C3EBF0  Unknown               Unknown  Unknown
FFB                000000000042268E  Unknown               Unknown  Unknown
FFB                000000000041C8E7  Unknown               Unknown  Unknown
FFB                000000000041BEFB  Unknown               Unknown  Unknown
FFB                0000000000406DED  Unknown               Unknown  Unknown
libc.so.6          000014FB37C295D0  Unknown               Unknown  Unknown
libc.so.6          000014FB37C29680  __libc_start_main     Unknown  Unknown
FFB                0000000000406D05  Unknown               Unknown  Unknown

