[2026-07-19T19:59:33.432] error: *** JOB 5889274 ON uc2n621 CANCELLED AT 2026-07-19T19:59:33 DUE to SIGNAL Terminated ***
[2026-07-19T19:59:33.435] error: *** STEP 5889274.0 ON uc2n621 CANCELLED AT 2026-07-19T19:59:33 DUE to SIGNAL Terminated ***
forrtl: error (78): process killed (SIGTERM)
In coarray image 65
Image              PC                Routine            Line        Source             
libc.so.6          0000150F1C23EBF0  Unknown               Unknown  Unknown
FFB                0000000000424A0E  Unknown               Unknown  Unknown
FFB                000000000041EFE7  Unknown               Unknown  Unknown
FFB                000000000041E5FB  Unknown               Unknown  Unknown
FFB                0000000000406E2D  Unknown               Unknown  Unknown
libc.so.6          0000150F1C2295D0  Unknown               Unknown  Unknown
libc.so.6          0000150F1C229680  __libc_start_main     Unknown  Unknown
FFB                0000000000406D45  Unknown               Unknown  Unknown

forrtl: error (78): process killed (SIGTERM)
In coarray image 69
Image              PC                Routine            Line        Source             
libc.so.6          00001511B343EBF0  Unknown               Unknown  Unknown
FFB                0000000000424ABE  Unknown               Unknown  Unknown
FFB                000000000041EFE7  Unknown               Unknown  Unknown
FFB                000000000041E5FB  Unknown               Unknown  Unknown
FFB                0000000000406E2D  Unknown               Unknown  Unknown
libc.so.6          00001511B34295D0  Unknown               Unknown  Unknown
libc.so.6          00001511B3429680  __libc_start_main     Unknown  Unknown
FFB                0000000000406D45  Unknown               Unknown  Unknown

forrtl: error (78): process killed (SIGTERM)
In coarray image 125
Image              PC                Routine            Line        Source             
libc.so.6          00001510BE63EBF0  Unknown               Unknown  Unknown
FFB                0000000000424C98  Unknown               Unknown  Unknown
FFB                000000000041EFE7  Unknown               Unknown  Unknown
FFB                000000000041E5FB  Unknown               Unknown  Unknown
FFB                0000000000406E2D  Unknown               Unknown  Unknown
libc.so.6          00001510BE6295D0  Unknown               Unknown  Unknown
libc.so.6          00001510BE629680  __libc_start_main     Unknown  Unknown
FFB                0000000000406D45  Unknown               Unknown  Unknown

forrtl: error (78): process killed (SIGTERM)
In coarray image 127
Image              PC                Routine            Line        Source             
libc.so.6          00001479A063EBF0  Unknown               Unknown  Unknown
FFB                0000000000424B61  Unknown               Unknown  Unknown
FFB                000000000041EFE7  Unknown               Unknown  Unknown
FFB                000000000041E5FB  Unknown               Unknown  Unknown
FFB                0000000000406E2D  Unknown               Unknown  Unknown
libc.so.6          00001479A06295D0  Unknown               Unknown  Unknown
libc.so.6          00001479A0629680  __libc_start_main     Unknown  Unknown
FFB                0000000000406D45  Unknown               Unknown  Unknown

