[2026-07-20T17:06:41.515] error: *** JOB 5926384 ON uc2n656 CANCELLED AT 2026-07-20T17:06:41 DUE to SIGNAL Terminated ***
forrtl: error (78): process killed (SIGTERM)
In coarray image 134
Image              PC                Routine            Line        Source             
libc.so.6          0000145B7DC3EBF0  Unknown               Unknown  Unknown
FFB                0000000000422E81  Unknown               Unknown  Unknown
FFB                000000000041D28E  Unknown               Unknown  Unknown
FFB                000000000041C9BE  Unknown               Unknown  Unknown
FFB                0000000000406E1D  Unknown               Unknown  Unknown
libc.so.6          0000145B7DC295D0  Unknown               Unknown  Unknown
libc.so.6          0000145B7DC29680  __libc_start_main     Unknown  Unknown
FFB                0000000000406D35  Unknown               Unknown  Unknown

forrtl: error (78): process killed (SIGTERM)
In coarray image 72
Image              PC                Routine            Line        Source             
libc.so.6          00001468BF43EBF0  Unknown               Unknown  Unknown
FFB                0000000000422EF6  Unknown               Unknown  Unknown
FFB                000000000041D28E  Unknown               Unknown  Unknown
FFB                000000000041C9BE  Unknown               Unknown  Unknown
FFB                0000000000406E1D  Unknown               Unknown  Unknown
libc.so.6          00001468BF4295D0  Unknown               Unknown  Unknown
libc.so.6          00001468BF429680  __libc_start_main     Unknown  Unknown
FFB                0000000000406D35  Unknown               Unknown  Unknown

forrtl: error (78): process killed (SIGTERM)
In coarray image 110
Image              PC                Routine            Line        Source             
libc.so.6          0000151677A3EBF0  Unknown               Unknown  Unknown
FFB                0000000000422DC4  Unknown               Unknown  Unknown
FFB                000000000041D28E  Unknown               Unknown  Unknown
FFB                000000000041C9BE  Unknown               Unknown  Unknown
FFB                0000000000406E1D  Unknown               Unknown  Unknown
libc.so.6          0000151677A295D0  Unknown               Unknown  Unknown
libc.so.6          0000151677A29680  __libc_start_main     Unknown  Unknown
FFB                0000000000406D35  Unknown               Unknown  Unknown

forrtl: error (78): process killed (SIGTERM)
In coarray image 135
Image              PC                Routine            Line        Source             
libc.so.6          000014CC3863EBF0  Unknown               Unknown  Unknown
FFB                0000000000422E81  Unknown               Unknown  Unknown
FFB                000000000041D28E  Unknown               Unknown  Unknown
FFB                000000000041C9BE  Unknown               Unknown  Unknown
FFB                0000000000406E1D  Unknown               Unknown  Unknown
libc.so.6          000014CC386295D0  Unknown               Unknown  Unknown
libc.so.6          000014CC38629680  __libc_start_main     Unknown  Unknown
FFB                0000000000406D35  Unknown               Unknown  Unknown

forrtl: error (78): process killed (SIGTERM)
In coarray image 65
Image              PC                Routine            Line        Source             
libc.so.6          000015234183EBF0  Unknown               Unknown  Unknown
FFB                0000000000422AA9  Unknown               Unknown  Unknown
FFB                000000000041D28E  Unknown               Unknown  Unknown
FFB                000000000041C9BE  Unknown               Unknown  Unknown
FFB                0000000000406E1D  Unknown               Unknown  Unknown
libc.so.6          00001523418295D0  Unknown               Unknown  Unknown
libc.so.6          0000152341829680  __libc_start_main     Unknown  Unknown
FFB                0000000000406D35  Unknown               Unknown  Unknown

forrtl: error (78): process killed (SIGTERM)
In coarray image 98
Image              PC                Routine            Line        Source             
libc.so.6          000015465FC3EBF0  Unknown               Unknown  Unknown
FFB                0000000000422AFE  Unknown               Unknown  Unknown
FFB                000000000041D28E  Unknown               Unknown  Unknown
FFB                000000000041C9BE  Unknown               Unknown  Unknown
FFB                0000000000406E1D  Unknown               Unknown  Unknown
libc.so.6          000015465FC295D0  Unknown               Unknown  Unknown
libc.so.6          000015465FC29680  __libc_start_main     Unknown  Unknown
FFB                0000000000406D35  Unknown               Unknown  Unknown

forrtl: error (78): process killed (SIGTERM)
In coarray image 133
Image              PC                Routine            Line        Source             
libc.so.6          000014A253C3EBF0  Unknown               Unknown  Unknown
FFB                0000000000422C55  Unknown               Unknown  Unknown
FFB                000000000041D28E  Unknown               Unknown  Unknown
FFB                000000000041C9BE  Unknown               Unknown  Unknown
FFB                0000000000406E1D  Unknown               Unknown  Unknown
libc.so.6          000014A253C295D0  Unknown               Unknown  Unknown
libc.so.6          000014A253C29680  __libc_start_main     Unknown  Unknown
FFB                0000000000406D35  Unknown               Unknown  Unknown

forrtl: error (78): process killed (SIGTERM)
In coarray image 109
Image              PC                Routine            Line        Source             
libc.so.6          0000147175A3EBF0  Unknown               Unknown  Unknown
FFB                0000000000422E01  Unknown               Unknown  Unknown
FFB                000000000041D28E  Unknown               Unknown  Unknown
FFB                000000000041C9BE  Unknown               Unknown  Unknown
FFB                0000000000406E1D  Unknown               Unknown  Unknown
libc.so.6          0000147175A295D0  Unknown               Unknown  Unknown
libc.so.6          0000147175A29680  __libc_start_main     Unknown  Unknown
FFB                0000000000406D35  Unknown               Unknown  Unknown

forrtl: error (78): process killed (SIGTERM)
In coarray image 132
Image              PC                Routine            Line        Source             
libc.so.6          000014B22E63EBF0  Unknown               Unknown  Unknown
FFB                0000000000422D9F  Unknown               Unknown  Unknown
FFB                000000000041D28E  Unknown               Unknown  Unknown
FFB                000000000041C9BE  Unknown               Unknown  Unknown
FFB                0000000000406E1D  Unknown               Unknown  Unknown
libc.so.6          000014B22E6295D0  Unknown               Unknown  Unknown
libc.so.6          000014B22E629680  __libc_start_main     Unknown  Unknown
FFB                0000000000406D35  Unknown               Unknown  Unknown

forrtl: error (78): process killed (SIGTERM)
In coarray image 108
Image              PC                Routine            Line        Source             
libc.so.6          00001524B4E3EBF0  Unknown               Unknown  Unknown
FFB                0000000000422A9A  Unknown               Unknown  Unknown
FFB                000000000041D28E  Unknown               Unknown  Unknown
FFB                000000000041C9BE  Unknown               Unknown  Unknown
FFB                0000000000406E1D  Unknown               Unknown  Unknown
libc.so.6          00001524B4E295D0  Unknown               Unknown  Unknown
libc.so.6          00001524B4E29680  __libc_start_main     Unknown  Unknown
FFB                0000000000406D35  Unknown               Unknown  Unknown

forrtl: error (78): process killed (SIGTERM)
In coarray image 141
Image              PC                Routine            Line        Source             
libc.so.6          00001540C363EBF0  Unknown               Unknown  Unknown
FFB                0000000000422AD8  Unknown               Unknown  Unknown
FFB                000000000041D28E  Unknown               Unknown  Unknown
FFB                000000000041C9BE  Unknown               Unknown  Unknown
FFB                0000000000406E1D  Unknown               Unknown  Unknown
libc.so.6          00001540C36295D0  Unknown               Unknown  Unknown
libc.so.6          00001540C3629680  __libc_start_main     Unknown  Unknown
FFB                0000000000406D35  Unknown               Unknown  Unknown

forrtl: error (78): process killed (SIGTERM)
In coarray image 99
Image              PC                Routine            Line        Source             
libc.so.6          0000154B1983EBF0  Unknown               Unknown  Unknown
FFB                0000000000422B58  Unknown               Unknown  Unknown
FFB                000000000041D28E  Unknown               Unknown  Unknown
FFB                000000000041C9BE  Unknown               Unknown  Unknown
FFB                0000000000406E1D  Unknown               Unknown  Unknown
libc.so.6          0000154B198295D0  Unknown               Unknown  Unknown
libc.so.6          0000154B19829680  __libc_start_main     Unknown  Unknown
FFB                0000000000406D35  Unknown               Unknown  Unknown

forrtl: error (78): process killed (SIGTERM)
In coarray image 143
Image              PC                Routine            Line        Source             
libc.so.6          000014CC2F23EBF0  Unknown               Unknown  Unknown
FFB                0000000000422E08  Unknown               Unknown  Unknown
FFB                000000000041D28E  Unknown               Unknown  Unknown
FFB                000000000041C9BE  Unknown               Unknown  Unknown
FFB                0000000000406E1D  Unknown               Unknown  Unknown
libc.so.6          000014CC2F2295D0  Unknown               Unknown  Unknown
libc.so.6          000014CC2F229680  __libc_start_main     Unknown  Unknown
FFB                0000000000406D35  Unknown               Unknown  Unknown

forrtl: error (78): process killed (SIGTERM)
In coarray image 97
Image              PC                Routine            Line        Source             
libc.so.6          000014D81EC3EBF0  Unknown               Unknown  Unknown
FFB                0000000000422F1F  Unknown               Unknown  Unknown
FFB                000000000041D28E  Unknown               Unknown  Unknown
FFB                000000000041C9BE  Unknown               Unknown  Unknown
FFB                0000000000406E1D  Unknown               Unknown  Unknown
libc.so.6          000014D81EC295D0  Unknown               Unknown  Unknown
libc.so.6          000014D81EC29680  __libc_start_main     Unknown  Unknown
FFB                0000000000406D35  Unknown               Unknown  Unknown

forrtl: error (78): process killed (SIGTERM)
In coarray image 131
Image              PC                Routine            Line        Source             
libc.so.6          000014BB48C3EBF0  Unknown               Unknown  Unknown
FFB                0000000000422F45  Unknown               Unknown  Unknown
FFB                000000000041D28E  Unknown               Unknown  Unknown
FFB                000000000041C9BE  Unknown               Unknown  Unknown
FFB                0000000000406E1D  Unknown               Unknown  Unknown
libc.so.6          000014BB48C295D0  Unknown               Unknown  Unknown
libc.so.6          000014BB48C29680  __libc_start_main     Unknown  Unknown
FFB                0000000000406D35  Unknown               Unknown  Unknown

forrtl: error (78): process killed (SIGTERM)
In coarray image 142
Image              PC                Routine            Line        Source             
libc.so.6          000014F25383EBF0  Unknown               Unknown  Unknown
FFB                0000000000422F03  Unknown               Unknown  Unknown
FFB                000000000041D28E  Unknown               Unknown  Unknown
FFB                000000000041C9BE  Unknown               Unknown  Unknown
FFB                0000000000406E1D  Unknown               Unknown  Unknown
libc.so.6          000014F2538295D0  Unknown               Unknown  Unknown
libc.so.6          000014F253829680  __libc_start_main     Unknown  Unknown
FFB                0000000000406D35  Unknown               Unknown  Unknown

[2026-07-20T17:06:41.530] error: *** STEP 5926384.0 ON uc2n656 CANCELLED AT 2026-07-20T17:06:41 DUE to SIGNAL Terminated ***
forrtl: error (78): process killed (SIGTERM)
In coarray image 86
Image              PC                Routine            Line        Source             
libc.so.6          0000149AB363EBF0  Unknown               Unknown  Unknown
FFB                0000000000422D10  Unknown               Unknown  Unknown
FFB                000000000041D28E  Unknown               Unknown  Unknown
FFB                000000000041C9BE  Unknown               Unknown  Unknown
FFB                0000000000406E1D  Unknown               Unknown  Unknown
libc.so.6          0000149AB36295D0  Unknown               Unknown  Unknown
libc.so.6          0000149AB3629680  __libc_start_main     Unknown  Unknown
FFB                0000000000406D35  Unknown               Unknown  Unknown

forrtl: error (78): process killed (SIGTERM)
In coarray image 96
Image              PC                Routine            Line        Source             
libc.so.6          0000149AA6C3EBF0  Unknown               Unknown  Unknown
FFB                0000000000422AE4  Unknown               Unknown  Unknown
FFB                000000000041D28E  Unknown               Unknown  Unknown
FFB                000000000041C9BE  Unknown               Unknown  Unknown
FFB                0000000000406E1D  Unknown               Unknown  Unknown
libc.so.6          0000149AA6C295D0  Unknown               Unknown  Unknown
libc.so.6          0000149AA6C29680  __libc_start_main     Unknown  Unknown
FFB                0000000000406D35  Unknown               Unknown  Unknown

forrtl: error (78): process killed (SIGTERM)
In coarray image 88
Image              PC                Routine            Line        Source             
libc.so.6          000014D471A3EBF0  Unknown               Unknown  Unknown
FFB                0000000000422AD2  Unknown               Unknown  Unknown
FFB                000000000041D28E  Unknown               Unknown  Unknown
FFB                000000000041C9BE  Unknown               Unknown  Unknown
FFB                0000000000406E1D  Unknown               Unknown  Unknown
libc.so.6          000014D471A295D0  Unknown               Unknown  Unknown
libc.so.6          000014D471A29680  __libc_start_main     Unknown  Unknown
FFB                0000000000406D35  Unknown               Unknown  Unknown

forrtl: error (78): process killed (SIGTERM)
In coarray image 120
Image              PC                Routine            Line        Source             
libc.so.6          0000155195C3EBF0  Unknown               Unknown  Unknown
FFB                0000000000422B65  Unknown               Unknown  Unknown
FFB                000000000041D28E  Unknown               Unknown  Unknown
FFB                000000000041C9BE  Unknown               Unknown  Unknown
FFB                0000000000406E1D  Unknown               Unknown  Unknown
libc.so.6          0000155195C295D0  Unknown               Unknown  Unknown
libc.so.6          0000155195C29680  __libc_start_main     Unknown  Unknown
FFB                0000000000406D35  Unknown               Unknown  Unknown

