[2026-07-17T17:23:21.037] error: *** JOB 5854613 ON uc3n028 CANCELLED AT 2026-07-17T17:23:21 DUE to SIGNAL Terminated ***
[2026-07-17T17:23:21.048] error: *** STEP 5854613.0 ON uc3n028 CANCELLED AT 2026-07-17T17:23:21 DUE to SIGNAL Terminated ***
forrtl: error (78): process killed (SIGTERM)
In coarray image 243
Image              PC                Routine            Line        Source             
libc.so.6          000014B53163EBF0  Unknown               Unknown  Unknown
FFB                000000000041FEA6  Unknown               Unknown  Unknown
FFB                000000000041A700  Unknown               Unknown  Unknown
FFB                000000000041A03F  Unknown               Unknown  Unknown
FFB                0000000000406DED  Unknown               Unknown  Unknown
libc.so.6          000014B5316295D0  Unknown               Unknown  Unknown
libc.so.6          000014B531629680  __libc_start_main     Unknown  Unknown
FFB                0000000000406D05  Unknown               Unknown  Unknown

forrtl: error (78): process killed (SIGTERM)
In coarray image 248
Image              PC                Routine            Line        Source             
libc.so.6          000015443D63EBF0  Unknown               Unknown  Unknown
FFB                0000000000420117  Unknown               Unknown  Unknown
FFB                000000000041A700  Unknown               Unknown  Unknown
FFB                000000000041A03F  Unknown               Unknown  Unknown
FFB                0000000000406DED  Unknown               Unknown  Unknown
libc.so.6          000015443D6295D0  Unknown               Unknown  Unknown
libc.so.6          000015443D629680  __libc_start_main     Unknown  Unknown
FFB                0000000000406D05  Unknown               Unknown  Unknown

forrtl: error (78): process killed (SIGTERM)
In coarray image 263
Image              PC                Routine            Line        Source             
libc.so.6          000014F8F003EBF0  Unknown               Unknown  Unknown
FFB                00000000004202AD  Unknown               Unknown  Unknown
FFB                000000000041A700  Unknown               Unknown  Unknown
FFB                000000000041A03F  Unknown               Unknown  Unknown
FFB                0000000000406DED  Unknown               Unknown  Unknown
libc.so.6          000014F8F00295D0  Unknown               Unknown  Unknown
libc.so.6          000014F8F0029680  __libc_start_main     Unknown  Unknown
FFB                0000000000406D05  Unknown               Unknown  Unknown

forrtl: error (78): process killed (SIGTERM)
In coarray image 205
Image              PC                Routine            Line        Source             
libc.so.6          000014B64C43EBF0  Unknown               Unknown  Unknown
FFB                000000000041FEDD  Unknown               Unknown  Unknown
FFB                000000000041A700  Unknown               Unknown  Unknown
FFB                000000000041A03F  Unknown               Unknown  Unknown
FFB                0000000000406DED  Unknown               Unknown  Unknown
libc.so.6          000014B64C4295D0  Unknown               Unknown  Unknown
libc.so.6          000014B64C429680  __libc_start_main     Unknown  Unknown
FFB                0000000000406D05  Unknown               Unknown  Unknown

forrtl: error (78): process killed (SIGTERM)
In coarray image 206
Image              PC                Routine            Line        Source             
libc.so.6          00001552D5E3EBF0  Unknown               Unknown  Unknown
FFB                000000000041FFCF  Unknown               Unknown  Unknown
FFB                000000000041A700  Unknown               Unknown  Unknown
FFB                000000000041A03F  Unknown               Unknown  Unknown
FFB                0000000000406DED  Unknown               Unknown  Unknown
libc.so.6          00001552D5E295D0  Unknown               Unknown  Unknown
libc.so.6          00001552D5E29680  __libc_start_main     Unknown  Unknown
FFB                0000000000406D05  Unknown               Unknown  Unknown

forrtl: error (78): process killed (SIGTERM)
In coarray image 238
Image              PC                Routine            Line        Source             
libc.so.6          0000154B2363EBF0  Unknown               Unknown  Unknown
FFB                00000000004200CB  Unknown               Unknown  Unknown
FFB                000000000041A700  Unknown               Unknown  Unknown
FFB                000000000041A03F  Unknown               Unknown  Unknown
FFB                0000000000406DED  Unknown               Unknown  Unknown
libc.so.6          0000154B236295D0  Unknown               Unknown  Unknown
libc.so.6          0000154B23629680  __libc_start_main     Unknown  Unknown
FFB                0000000000406D05  Unknown               Unknown  Unknown

forrtl: error (78): process killed (SIGTERM)
In coarray image 244
Image              PC                Routine            Line        Source             
libc.so.6          000014556183EBF0  Unknown               Unknown  Unknown
FFB                000000000041FEF9  Unknown               Unknown  Unknown
FFB                000000000041A700  Unknown               Unknown  Unknown
FFB                000000000041A03F  Unknown               Unknown  Unknown
FFB                0000000000406DED  Unknown               Unknown  Unknown
libc.so.6          00001455618295D0  Unknown               Unknown  Unknown
libc.so.6          0000145561829680  __libc_start_main     Unknown  Unknown
FFB                0000000000406D05  Unknown               Unknown  Unknown

forrtl: error (78): process killed (SIGTERM)
In coarray image 249
Image              PC                Routine            Line        Source             
libc.so.6          000014677043EBF0  Unknown               Unknown  Unknown
FFB                000000000041FEE8  Unknown               Unknown  Unknown
FFB                000000000041A700  Unknown               Unknown  Unknown
FFB                000000000041A03F  Unknown               Unknown  Unknown
FFB                0000000000406DED  Unknown               Unknown  Unknown
libc.so.6          00001467704295D0  Unknown               Unknown  Unknown
libc.so.6          0000146770429680  __libc_start_main     Unknown  Unknown
FFB                0000000000406D05  Unknown               Unknown  Unknown

forrtl: error (78): process killed (SIGTERM)
In coarray image 264
Image              PC                Routine            Line        Source             
libc.so.6          00001515FF83EBF0  Unknown               Unknown  Unknown
FFB                0000000000420373  Unknown               Unknown  Unknown
FFB                000000000041A700  Unknown               Unknown  Unknown
FFB                000000000041A03F  Unknown               Unknown  Unknown
FFB                0000000000406DED  Unknown               Unknown  Unknown
libc.so.6          00001515FF8295D0  Unknown               Unknown  Unknown
libc.so.6          00001515FF829680  __libc_start_main     Unknown  Unknown
FFB                0000000000406D05  Unknown               Unknown  Unknown

forrtl: error (78): process killed (SIGTERM)
In coarray image 195
Image              PC                Routine            Line        Source             
libc.so.6          00001474AFC3EBF0  Unknown               Unknown  Unknown
FFB                000000000041FF48  Unknown               Unknown  Unknown
FFB                000000000041A700  Unknown               Unknown  Unknown
FFB                000000000041A03F  Unknown               Unknown  Unknown
FFB                0000000000406DED  Unknown               Unknown  Unknown
libc.so.6          00001474AFC295D0  Unknown               Unknown  Unknown
libc.so.6          00001474AFC29680  __libc_start_main     Unknown  Unknown
FFB                0000000000406D05  Unknown               Unknown  Unknown

forrtl: error (78): process killed (SIGTERM)
In coarray image 241
Image              PC                Routine            Line        Source             
libc.so.6          000014E90423EBF0  Unknown               Unknown  Unknown
FFB                000000000042042A  Unknown               Unknown  Unknown
FFB                000000000041A700  Unknown               Unknown  Unknown
FFB                000000000041A03F  Unknown               Unknown  Unknown
FFB                0000000000406DED  Unknown               Unknown  Unknown
libc.so.6          000014E9042295D0  Unknown               Unknown  Unknown
libc.so.6          000014E904229680  __libc_start_main     Unknown  Unknown
FFB                0000000000406D05  Unknown               Unknown  Unknown

forrtl: error (78): process killed (SIGTERM)
In coarray image 276
Image              PC                Routine            Line        Source             
libc.so.6          000015282F83EBF0  Unknown               Unknown  Unknown
FFB                000000000041FF97  Unknown               Unknown  Unknown
FFB                000000000041A700  Unknown               Unknown  Unknown
FFB                000000000041A03F  Unknown               Unknown  Unknown
FFB                0000000000406DED  Unknown               Unknown  Unknown
libc.so.6          000015282F8295D0  Unknown               Unknown  Unknown
libc.so.6          000015282F829680  __libc_start_main     Unknown  Unknown
FFB                0000000000406D05  Unknown               Unknown  Unknown

forrtl: error (78): process killed (SIGTERM)
In coarray image 242
Image              PC                Routine            Line        Source             
libc.so.6          00001474B763EBF0  Unknown               Unknown  Unknown
FFB                000000000041FF48  Unknown               Unknown  Unknown
FFB                000000000041A700  Unknown               Unknown  Unknown
FFB                000000000041A03F  Unknown               Unknown  Unknown
FFB                0000000000406DED  Unknown               Unknown  Unknown
libc.so.6          00001474B76295D0  Unknown               Unknown  Unknown
libc.so.6          00001474B7629680  __libc_start_main     Unknown  Unknown
FFB                0000000000406D05  Unknown               Unknown  Unknown

