forrtl: error (78): process killed (SIGTERM)
In coarray image 335
Image              PC                Routine            Line        Source             
libc.so.6          000014E28E43EBF0  Unknown               Unknown  Unknown
FFB                00000000004226A0  Unknown               Unknown  Unknown
FFB                000000000041CE3E  Unknown               Unknown  Unknown
FFB                000000000041C75F  Unknown               Unknown  Unknown
FFB                0000000000406E2D  Unknown               Unknown  Unknown
libc.so.6          000014E28E4295D0  Unknown               Unknown  Unknown
libc.so.6          000014E28E429680  __libc_start_main     Unknown  Unknown
FFB                0000000000406D45  Unknown               Unknown  Unknown

forrtl: error (78): process killed (SIGTERM)
In coarray image 333
Image              PC                Routine            Line        Source             
libc.so.6          000014E17143EBF0  Unknown               Unknown  Unknown
FFB                0000000000422989  Unknown               Unknown  Unknown
FFB                000000000041CE3E  Unknown               Unknown  Unknown
FFB                000000000041C75F  Unknown               Unknown  Unknown
FFB                0000000000406E2D  Unknown               Unknown  Unknown
libc.so.6          000014E1714295D0  Unknown               Unknown  Unknown
libc.so.6          000014E171429680  __libc_start_main     Unknown  Unknown
FFB                0000000000406D45  Unknown               Unknown  Unknown

[2026-07-18T21:57:52.388] error: *** JOB 5889110 ON uc2n853 CANCELLED AT 2026-07-18T21:57:52 DUE to SIGNAL Terminated ***
[2026-07-18T21:57:52.389] error: *** STEP 5889110.0 ON uc2n853 CANCELLED AT 2026-07-18T21:57:52 DUE to SIGNAL Terminated ***
forrtl: error (78): process killed (SIGTERM)
In coarray image 286
Image              PC                Routine            Line        Source             
libc.so.6          0000154CC943EBF0  Unknown               Unknown  Unknown
FFB                000000000042269A  Unknown               Unknown  Unknown
FFB                000000000041CE3E  Unknown               Unknown  Unknown
FFB                000000000041C75F  Unknown               Unknown  Unknown
FFB                0000000000406E2D  Unknown               Unknown  Unknown
libc.so.6          0000154CC94295D0  Unknown               Unknown  Unknown
libc.so.6          0000154CC9429680  __libc_start_main     Unknown  Unknown
FFB                0000000000406D45  Unknown               Unknown  Unknown

